# JRE version: OpenJDK Runtime Environment (8.0_242-b01) (build 1.8.0_242-release-1644-b01)
# Java VM: OpenJDK 64-Bit Server VM (25.242-b01 mixed mode windows-amd64 compressed oops)
Heap:
 PSYoungGen      total 608768K, used 608392K [0x00000000d5580000, 0x00000000ff780000, 0x0000000100000000)
  eden space 584704K, 100% used [0x00000000d5580000,0x00000000f9080000,0x00000000f9080000)
  from space 24064K, 98% used [0x00000000f9080000,0x00000000fa7a20b0,0x00000000fa800000)
  to   space 52736K, 99% used [0x00000000fc400000,0x00000000ff77e880,0x00000000ff780000)
 ParOldGen       total 345088K, used 303515K [0x0000000080000000, 0x0000000095100000, 0x00000000d5580000)
  object space 345088K, 87% used [0x0000000080000000,0x0000000092866d68,0x0000000095100000)
 Metaspace       used 106090K, capacity 111312K, committed 112088K, reserved 1146880K
  class space    used 13364K, capacity 14289K, committed 14592K, reserved 1048576K
GC Heap History (10 events):
Event: 227.065 GC heap after
Heap after GC invocations=86 (full 7):
 PSYoungGen      total 637440K, used 33512K [0x00000000d5580000, 0x0000000100000000, 0x0000000100000000)
  eden space 603648K, 0% used [0x00000000d5580000,0x00000000d5580000,0x00000000fa300000)
  from space 33792K, 99% used [0x00000000fa300000,0x00000000fc3ba028,0x00000000fc400000)
  to   space 50688K, 0% used [0x00000000fce80000,0x00000000fce80000,0x0000000100000000)
 ParOldGen       total 345088K, used 187223K [0x0000000080000000, 0x0000000095100000, 0x00000000d5580000)
  object space 345088K, 54% used [0x0000000080000000,0x000000008b6d5f80,0x0000000095100000)
 Metaspace       used 105003K, capacity 110046K, committed 111192K, reserved 1146880K
  class space    used 13255K, capacity 14142K, committed 14464K, reserved 1048576K
}
Event: 228.111 GC heap before
{Heap before GC invocations=87 (full 7):
 PSYoungGen      total 637440K, used 637160K [0x00000000d5580000, 0x0000000100000000, 0x0000000100000000)
  eden space 603648K, 100% used [0x00000000d5580000,0x00000000fa300000,0x00000000fa300000)
  from space 33792K, 99% used [0x00000000fa300000,0x00000000fc3ba028,0x00000000fc400000)
  to   space 50688K, 0% used [0x00000000fce80000,0x00000000fce80000,0x0000000100000000)
 ParOldGen       total 345088K, used 187223K [0x0000000080000000, 0x0000000095100000, 0x00000000d5580000)
  object space 345088K, 54% used [0x0000000080000000,0x000000008b6d5f80,0x0000000095100000)
 Metaspace       used 105007K, capacity 110046K, committed 111192K, reserved 1146880K
  class space    used 13255K, capacity 14142K, committed 14464K, reserved 1048576K
Event: 228.155 GC heap after
Heap after GC invocations=87 (full 7):
 PSYoungGen      total 633856K, used 47490K [0x00000000d5580000, 0x0000000100000000, 0x0000000100000000)
  eden space 583168K, 0% used [0x00000000d5580000,0x00000000d5580000,0x00000000f8f00000)
  from space 50688K, 93% used [0x00000000fce80000,0x00000000ffce0a60,0x0000000100000000)
  to   space 57856K, 0% used [0x00000000f8f00000,0x00000000f8f00000,0x00000000fc780000)
 ParOldGen       total 345088K, used 187223K [0x0000000080000000, 0x0000000095100000, 0x00000000d5580000)
  object space 345088K, 54% used [0x0000000080000000,0x000000008b6d5f80,0x0000000095100000)
 Metaspace       used 105007K, capacity 110046K, committed 111192K, reserved 1146880K
  class space    used 13255K, capacity 14142K, committed 14464K, reserved 1048576K
}
Event: 228.982 GC heap before
{Heap before GC invocations=88 (full 7):
 PSYoungGen      total 633856K, used 630658K [0x00000000d5580000, 0x0000000100000000, 0x0000000100000000)
  eden space 583168K, 100% used [0x00000000d5580000,0x00000000f8f00000,0x00000000f8f00000)
  from space 50688K, 93% used [0x00000000fce80000,0x00000000ffce0a60,0x0000000100000000)
  to   space 57856K, 0% used [0x00000000f8f00000,0x00000000f8f00000,0x00000000fc780000)
 ParOldGen       total 345088K, used 187223K [0x0000000080000000, 0x0000000095100000, 0x00000000d5580000)
  object space 345088K, 54% used [0x0000000080000000,0x000000008b6d5f80,0x0000000095100000)
 Metaspace       used 105014K, capacity 110046K, committed 111192K, reserved 1146880K
  class space    used 13255K, capacity 14142K, committed 14464K, reserved 1048576K
Event: 229.023 GC heap after
Heap after GC invocations=88 (full 7):
 PSYoungGen      total 616960K, used 33746K [0x00000000d5580000, 0x0000000100000000, 0x0000000100000000)
  eden space 583168K, 0% used [0x00000000d5580000,0x00000000d5580000,0x00000000f8f00000)
  from space 33792K, 99% used [0x00000000f8f00000,0x00000000faff4bb0,0x00000000fb000000)
  to   space 58368K, 0% used [0x00000000fc700000,0x00000000fc700000,0x0000000100000000)
 ParOldGen       total 345088K, used 187223K [0x0000000080000000, 0x0000000095100000, 0x00000000d5580000)
  object space 345088K, 54% used [0x0000000080000000,0x000000008b6d5f80,0x0000000095100000)
 Metaspace       used 105014K, capacity 110046K, committed 111192K, reserved 1146880K
  class space    used 13255K, capacity 14142K, committed 14464K, reserved 1048576K
}
Event: 229.705 GC heap before
{Heap before GC invocations=89 (full 7):
 PSYoungGen      total 616960K, used 616914K [0x00000000d5580000, 0x0000000100000000, 0x0000000100000000)
  eden space 583168K, 100% used [0x00000000d5580000,0x00000000f8f00000,0x00000000f8f00000)
  from space 33792K, 99% used [0x00000000f8f00000,0x00000000faff4bb0,0x00000000fb000000)
  to   space 58368K, 0% used [0x00000000fc700000,0x00000000fc700000,0x0000000100000000)
 ParOldGen       total 345088K, used 187223K [0x0000000080000000, 0x0000000095100000, 0x00000000d5580000)
  object space 345088K, 54% used [0x0000000080000000,0x000000008b6d5f80,0x0000000095100000)
 Metaspace       used 105024K, capacity 110046K, committed 111192K, reserved 1146880K
  class space    used 13255K, capacity 14142K, committed 14464K, reserved 1048576K
Event: 229.749 GC heap after
Heap after GC invocations=89 (full 7):
 PSYoungGen      total 643072K, used 24656K [0x00000000d5580000, 0x0000000100000000, 0x0000000100000000)
  eden space 584704K, 0% used [0x00000000d5580000,0x00000000d5580000,0x00000000f9080000)
  from space 58368K, 42% used [0x00000000fc700000,0x00000000fdf14150,0x0000000100000000)
  to   space 55808K, 0% used [0x00000000f9080000,0x00000000f9080000,0x00000000fc700000)
 ParOldGen       total 345088K, used 190271K [0x0000000080000000, 0x0000000095100000, 0x00000000d5580000)
  object space 345088K, 55% used [0x0000000080000000,0x000000008b9cff80,0x0000000095100000)
 Metaspace       used 105024K, capacity 110046K, committed 111192K, reserved 1146880K
  class space    used 13255K, capacity 14142K, committed 14464K, reserved 1048576K
}
Event: 230.464 GC heap before
{Heap before GC invocations=90 (full 7):
 PSYoungGen      total 643072K, used 609360K [0x00000000d5580000, 0x0000000100000000, 0x0000000100000000)
  eden space 584704K, 100% used [0x00000000d5580000,0x00000000f9080000,0x00000000f9080000)
  from space 58368K, 42% used [0x00000000fc700000,0x00000000fdf14150,0x0000000100000000)
  to   space 55808K, 0% used [0x00000000f9080000,0x00000000f9080000,0x00000000fc700000)
 ParOldGen       total 345088K, used 190271K [0x0000000080000000, 0x0000000095100000, 0x00000000d5580000)
  object space 345088K, 55% used [0x0000000080000000,0x000000008b9cff80,0x0000000095100000)
 Metaspace       used 105026K, capacity 110046K, committed 111192K, reserved 1146880K
  class space    used 13255K, capacity 14142K, committed 14464K, reserved 1048576K
Event: 230.497 GC heap after
Heap after GC invocations=90 (full 7):
 PSYoungGen      total 608768K, used 23688K [0x00000000d5580000, 0x00000000ff780000, 0x0000000100000000)
  eden space 584704K, 0% used [0x00000000d5580000,0x00000000d5580000,0x00000000f9080000)
  from space 24064K, 98% used [0x00000000f9080000,0x00000000fa7a20b0,0x00000000fa800000)
  to   space 52736K, 0% used [0x00000000fc400000,0x00000000fc400000,0x00000000ff780000)
 ParOldGen       total 345088K, used 192663K [0x0000000080000000, 0x0000000095100000, 0x00000000d5580000)
  object space 345088K, 55% used [0x0000000080000000,0x000000008bc25f80,0x0000000095100000)
 Metaspace       used 105026K, capacity 110046K, committed 111192K, reserved 1146880K
  class space    used 13255K, capacity 14142K, committed 14464K, reserved 1048576K
}
Event: 236.840 GC heap before
{Heap before GC invocations=91 (full 7):
 PSYoungGen      total 608768K, used 608392K [0x00000000d5580000, 0x00000000ff780000, 0x0000000100000000)
  eden space 584704K, 100% used [0x00000000d5580000,0x00000000f9080000,0x00000000f9080000)
  from space 24064K, 98% used [0x00000000f9080000,0x00000000fa7a20b0,0x00000000fa800000)
  to   space 52736K, 0% used [0x00000000fc400000,0x00000000fc400000,0x00000000ff780000)
 ParOldGen       total 345088K, used 192663K [0x0000000080000000, 0x0000000095100000, 0x00000000d5580000)
  object space 345088K, 55% used [0x0000000080000000,0x000000008bc25f80,0x0000000095100000)
 Metaspace       used 106090K, capacity 111312K, committed 112088K, reserved 1146880K
  class space    used 13364K, capacity 14289K, committed 14592K, reserved 1048576K

